========================================
GPU Price Tracker - Daily Update
Timestamp: 2026-01-15 09:22:49
========================================

Step 1: Collecting GPU prices from gpuhunt...
Skipping provider HotAisleProvider: Set the HOTAISLE_API_KEY environment variable.
Skipping provider DigitalOceanProvider: Set the DIGITAL_OCEAN_API_KEY environment variable.
Error fetching TensorDock offers: 404 Client Error: Not Found for url: https://marketplace.tensordock.com/api/v0/client/hostnodes
Failed to get GPU name from gpuModel: 'L40S (graphics mode)'
Failed to get GPU name from gpuModel: 'A40 (graphics mode)'
Failed to get GPU name from gpuModel: 'A800 PCIe'
Failed to get GPU name from gpuModel: 'V100 32G'
[2026-01-15 09:22:49] Starting gpuhunt price collection...
Fetching GPU prices from gpuhunt...
  Retrieved 53277 items from gpuhunt
  Converted 53277 valid instances
  Total instances collected: 53277
  Storing to database...
  Stored 53277 price records
[2026-01-15 09:22:55] Collection complete!

Step 2: Generating reports...
  ✓ Saved: reports/report_20260115_0922.txt
  ✓ Saved: reports/best_deals_20260115_0922.txt
  ✓ Saved: reports/best_H100_20260115_0922.txt
  ✓ Saved: reports/best_A100_20260115_0922.txt
  ✓ Saved: reports/best_L40S_20260115_0922.txt
  ✓ Saved: reports/best_RTX4090_20260115_0922.txt
  ✓ Saved: reports/best_RTX5090_20260115_0922.txt

Step 3: Generating visualization plots...

Generating GPU summary plots...
Timestamp: 2026-01-15 09:22:58

Found 57 GPU types in database
Generating plots for top 25 GPU types...

✓ Saved price plot to: reports/figures/gpu_avg_prices.png
✓ Saved instance count plot to: reports/figures/gpu_instance_counts.png
✓ Saved price vs availability plot to: reports/figures/gpu_price_vs_availability.png

✓ All plots saved to: reports/figures/

View plots:
  ls -lh reports/figures/*.png

Step 4: Database statistics:
  Total records: 186549
  Snapshots: 4
  Providers: 12
  GPU types: 60
  Last snapshot: 2026-01-15 09:22:49.271108

========================================
Daily update complete!
========================================

Generated files:
  Reports: reports/*_20260115_0922.txt
  Plots: reports/figures/*.png
  Log: data/daily_update_20260115_0922.log

